1605361705.737849 client started (26122): version 3.1c, socket /tmp/tmux-1000/default, protocol 8
1605361705.737876 on Linux 5.9.3-1-MANJARO #1 SMP PREEMPT Sun Nov 1 14:25:36 UTC 2020; libevent 2.1.12-stable (poll)
1605361705.737892 socket is /tmp/tmux-1000/default
1605361705.737905 trying connect
1605361705.737962 add peer 0x55be2dd52b60: 6 ((nil))
1605361705.738031 sending message 100 to peer 0x55be2dd52b60 (4 bytes)
1605361705.738039 sending message 101 to peer 0x55be2dd52b60 (15 bytes)
1605361705.738045 sending message 102 to peer 0x55be2dd52b60 (11 bytes)
1605361705.738050 sending message 108 to peer 0x55be2dd52b60 (44 bytes)
1605361705.738056 sending message 104 to peer 0x55be2dd52b60 (0 bytes)
1605361705.738062 sending message 107 to peer 0x55be2dd52b60 (4 bytes)
1605361705.738067 sending message 105 to peer 0x55be2dd52b60 (20 bytes)
1605361705.738075 sending message 105 to peer 0x55be2dd52b60 (22 bytes)
1605361705.738080 sending message 105 to peer 0x55be2dd52b60 (54 bytes)
1605361705.738085 sending message 105 to peer 0x55be2dd52b60 (70 bytes)
1605361705.738090 sending message 105 to peer 0x55be2dd52b60 (22 bytes)
1605361705.738095 sending message 105 to peer 0x55be2dd52b60 (11 bytes)
1605361705.738100 sending message 105 to peer 0x55be2dd52b60 (18 bytes)
1605361705.738105 sending message 105 to peer 0x55be2dd52b60 (21 bytes)
1605361705.738110 sending message 105 to peer 0x55be2dd52b60 (26 bytes)
1605361705.738115 sending message 105 to peer 0x55be2dd52b60 (16 bytes)
1605361705.738120 sending message 105 to peer 0x55be2dd52b60 (17 bytes)
1605361705.738125 sending message 105 to peer 0x55be2dd52b60 (21 bytes)
1605361705.738131 sending message 105 to peer 0x55be2dd52b60 (71 bytes)
1605361705.738136 sending message 105 to peer 0x55be2dd52b60 (35 bytes)
1605361705.738141 sending message 105 to peer 0x55be2dd52b60 (18 bytes)
1605361705.738146 sending message 105 to peer 0x55be2dd52b60 (47 bytes)
1605361705.738151 sending message 105 to peer 0x55be2dd52b60 (23 bytes)
1605361705.738156 sending message 105 to peer 0x55be2dd52b60 (17 bytes)
1605361705.738162 sending message 105 to peer 0x55be2dd52b60 (23 bytes)
1605361705.738168 sending message 105 to peer 0x55be2dd52b60 (30 bytes)
1605361705.738173 sending message 105 to peer 0x55be2dd52b60 (27 bytes)
1605361705.738179 sending message 105 to peer 0x55be2dd52b60 (24 bytes)
1605361705.738184 sending message 105 to peer 0x55be2dd52b60 (20 bytes)
1605361705.738189 sending message 105 to peer 0x55be2dd52b60 (23 bytes)
1605361705.738194 sending message 105 to peer 0x55be2dd52b60 (21 bytes)
1605361705.738207 sending message 105 to peer 0x55be2dd52b60 (25 bytes)
1605361705.738212 sending message 105 to peer 0x55be2dd52b60 (20 bytes)
1605361705.738218 sending message 105 to peer 0x55be2dd52b60 (15 bytes)
1605361705.738223 sending message 105 to peer 0x55be2dd52b60 (28 bytes)
1605361705.738228 sending message 105 to peer 0x55be2dd52b60 (16 bytes)
1605361705.738233 sending message 105 to peer 0x55be2dd52b60 (15 bytes)
1605361705.738238 sending message 105 to peer 0x55be2dd52b60 (41 bytes)
1605361705.738243 sending message 105 to peer 0x55be2dd52b60 (14 bytes)
1605361705.738249 sending message 105 to peer 0x55be2dd52b60 (26 bytes)
1605361705.738254 sending message 105 to peer 0x55be2dd52b60 (14 bytes)
1605361705.738259 sending message 105 to peer 0x55be2dd52b60 (217 bytes)
1605361705.738264 sending message 105 to peer 0x55be2dd52b60 (48 bytes)
1605361705.738269 sending message 105 to peer 0x55be2dd52b60 (49 bytes)
1605361705.738275 sending message 105 to peer 0x55be2dd52b60 (48 bytes)
1605361705.738280 sending message 105 to peer 0x55be2dd52b60 (27 bytes)
1605361705.738285 sending message 105 to peer 0x55be2dd52b60 (92 bytes)
1605361705.738291 sending message 105 to peer 0x55be2dd52b60 (20 bytes)
1605361705.738296 sending message 105 to peer 0x55be2dd52b60 (8 bytes)
1605361705.738302 sending message 105 to peer 0x55be2dd52b60 (41 bytes)
1605361705.738307 sending message 105 to peer 0x55be2dd52b60 (20 bytes)
1605361705.738312 sending message 105 to peer 0x55be2dd52b60 (12 bytes)
1605361705.738317 sending message 105 to peer 0x55be2dd52b60 (16 bytes)
1605361705.738329 sending message 105 to peer 0x55be2dd52b60 (17 bytes)
1605361705.738335 sending message 105 to peer 0x55be2dd52b60 (13 bytes)
1605361705.738340 sending message 105 to peer 0x55be2dd52b60 (41 bytes)
1605361705.738345 sending message 105 to peer 0x55be2dd52b60 (26 bytes)
1605361705.738350 sending message 105 to peer 0x55be2dd52b60 (121 bytes)
1605361705.738356 sending message 105 to peer 0x55be2dd52b60 (23 bytes)
1605361705.738361 sending message 105 to peer 0x55be2dd52b60 (31 bytes)
1605361705.738366 sending message 105 to peer 0x55be2dd52b60 (23 bytes)
1605361705.738372 sending message 105 to peer 0x55be2dd52b60 (26 bytes)
1605361705.738380 sending message 105 to peer 0x55be2dd52b60 (21 bytes)
1605361705.738387 sending message 105 to peer 0x55be2dd52b60 (29 bytes)
1605361705.738395 sending message 106 to peer 0x55be2dd52b60 (0 bytes)
1605361705.738402 sending message 200 to peer 0x55be2dd52b60 (4 bytes)
1605361705.738409 client loop enter
1605361705.743054 peer 0x55be2dd52b60 message 207
1605361705.743082 sending message 208 to peer 0x55be2dd52b60 (0 bytes)
1605361707.333641 peer 0x55be2dd52b60 message 203
1605361707.333660 sending message 205 to peer 0x55be2dd52b60 (0 bytes)
1605361707.333899 peer 0x55be2dd52b60 message 204
1605361707.333908 client loop exit
